# JRE version: OpenJDK Runtime Environment (11.0.12+7) (build 11.0.12+7-b1504.28-7817840)
# Java VM: OpenJDK 64-Bit Server VM (11.0.12+7-b1504.28-7817840, mixed mode, tiered, compressed oops, g1 gc, windows-amd64)
Heap:
 garbage-first heap   total 253952K, used 191963K [0x0000000080000000, 0x0000000100000000)
  region size 1024K, 22 young (22528K), 3 survivors (3072K)
 Metaspace       used 120774K, capacity 124065K, committed 124160K, reserved 1157120K
  class space    used 14940K, capacity 16103K, committed 16128K, reserved 1048576K
GC Heap History (20 events):
Event: 1146.650 GC heap before
{Heap before GC invocations=54 (full 0):
 garbage-first heap   total 253952K, used 179669K [0x0000000080000000, 0x0000000100000000)
  region size 1024K, 12 young (12288K), 7 survivors (7168K)
 Metaspace       used 110639K, capacity 113919K, committed 114048K, reserved 1148928K
  class space    used 13981K, capacity 15159K, committed 15232K, reserved 1048576K
}
Event: 1146.665 GC heap after
{Heap after GC invocations=55 (full 0):
 garbage-first heap   total 253952K, used 167209K [0x0000000080000000, 0x0000000100000000)
  region size 1024K, 2 young (2048K), 2 survivors (2048K)
 Metaspace       used 110639K, capacity 113919K, committed 114048K, reserved 1148928K
  class space    used 13981K, capacity 15159K, committed 15232K, reserved 1048576K
}
Event: 1146.668 GC heap before
{Heap before GC invocations=55 (full 0):
 garbage-first heap   total 253952K, used 167209K [0x0000000080000000, 0x0000000100000000)
  region size 1024K, 3 young (3072K), 2 survivors (2048K)
 Metaspace       used 110639K, capacity 113919K, committed 114048K, reserved 1148928K
  class space    used 13981K, capacity 15159K, committed 15232K, reserved 1048576K
}
Event: 1146.675 GC heap after
{Heap after GC invocations=56 (full 0):
 garbage-first heap   total 253952K, used 166734K [0x0000000080000000, 0x0000000100000000)
  region size 1024K, 2 young (2048K), 2 survivors (2048K)
 Metaspace       used 110639K, capacity 113919K, committed 114048K, reserved 1148928K
  class space    used 13981K, capacity 15159K, committed 15232K, reserved 1048576K
}
Event: 1149.766 GC heap before
{Heap before GC invocations=57 (full 0):
 garbage-first heap   total 253952K, used 211790K [0x0000000080000000, 0x0000000100000000)
  region size 1024K, 41 young (41984K), 2 survivors (2048K)
 Metaspace       used 112878K, capacity 116087K, committed 116352K, reserved 1150976K
  class space    used 14257K, capacity 15391K, committed 15488K, reserved 1048576K
}
Event: 1149.780 GC heap after
{Heap after GC invocations=58 (full 0):
 garbage-first heap   total 253952K, used 168156K [0x0000000080000000, 0x0000000100000000)
  region size 1024K, 5 young (5120K), 5 survivors (5120K)
 Metaspace       used 112878K, capacity 116087K, committed 116352K, reserved 1150976K
  class space    used 14257K, capacity 15391K, committed 15488K, reserved 1048576K
}
Event: 1150.031 GC heap before
{Heap before GC invocations=58 (full 0):
 garbage-first heap   total 253952K, used 177372K [0x0000000080000000, 0x0000000100000000)
  region size 1024K, 12 young (12288K), 5 survivors (5120K)
 Metaspace       used 112956K, capacity 116189K, committed 116352K, reserved 1150976K
  class space    used 14265K, capacity 15425K, committed 15488K, reserved 1048576K
}
Event: 1150.051 GC heap after
{Heap after GC invocations=59 (full 0):
 garbage-first heap   total 253952K, used 174113K [0x0000000080000000, 0x0000000100000000)
  region size 1024K, 2 young (2048K), 2 survivors (2048K)
 Metaspace       used 112956K, capacity 116189K, committed 116352K, reserved 1150976K
  class space    used 14265K, capacity 15425K, committed 15488K, reserved 1048576K
}
Event: 1150.405 GC heap before
{Heap before GC invocations=59 (full 0):
 garbage-first heap   total 253952K, used 222241K [0x0000000080000000, 0x0000000100000000)
  region size 1024K, 36 young (36864K), 2 survivors (2048K)
 Metaspace       used 113710K, capacity 117044K, committed 117248K, reserved 1150976K
  class space    used 14320K, capacity 15505K, committed 15616K, reserved 1048576K
}
Event: 1150.415 GC heap after
{Heap after GC invocations=60 (full 0):
 garbage-first heap   total 253952K, used 178964K [0x0000000080000000, 0x0000000100000000)
  region size 1024K, 5 young (5120K), 5 survivors (5120K)
 Metaspace       used 113710K, capacity 117044K, committed 117248K, reserved 1150976K
  class space    used 14320K, capacity 15505K, committed 15616K, reserved 1048576K
}
Event: 1150.948 GC heap before
{Heap before GC invocations=61 (full 0):
 garbage-first heap   total 253952K, used 209684K [0x0000000080000000, 0x0000000100000000)
  region size 1024K, 36 young (36864K), 5 survivors (5120K)
 Metaspace       used 117383K, capacity 120688K, committed 120832K, reserved 1155072K
  class space    used 14624K, capacity 15794K, committed 15872K, reserved 1048576K
}
Event: 1150.957 GC heap after
{Heap after GC invocations=62 (full 0):
 garbage-first heap   total 253952K, used 182735K [0x0000000080000000, 0x0000000100000000)
  region size 1024K, 4 young (4096K), 4 survivors (4096K)
 Metaspace       used 117383K, capacity 120688K, committed 120832K, reserved 1155072K
  class space    used 14624K, capacity 15794K, committed 15872K, reserved 1048576K
}
Event: 1151.010 GC heap before
{Heap before GC invocations=62 (full 0):
 garbage-first heap   total 253952K, used 190927K [0x0000000080000000, 0x0000000100000000)
  region size 1024K, 12 young (12288K), 4 survivors (4096K)
 Metaspace       used 117435K, capacity 120688K, committed 120832K, reserved 1155072K
  class space    used 14624K, capacity 15794K, committed 15872K, reserved 1048576K
}
Event: 1151.028 GC heap after
{Heap after GC invocations=63 (full 0):
 garbage-first heap   total 253952K, used 170655K [0x0000000080000000, 0x0000000100000000)
  region size 1024K, 2 young (2048K), 2 survivors (2048K)
 Metaspace       used 117435K, capacity 120688K, committed 120832K, reserved 1155072K
  class space    used 14624K, capacity 15794K, committed 15872K, reserved 1048576K
}
Event: 1151.343 GC heap before
{Heap before GC invocations=63 (full 0):
 garbage-first heap   total 253952K, used 207519K [0x0000000080000000, 0x0000000100000000)
  region size 1024K, 38 young (38912K), 2 survivors (2048K)
 Metaspace       used 118205K, capacity 121521K, committed 121600K, reserved 1155072K
  class space    used 14676K, capacity 15858K, committed 15872K, reserved 1048576K
}
Event: 1151.350 GC heap after
{Heap after GC invocations=64 (full 0):
 garbage-first heap   total 253952K, used 172410K [0x0000000080000000, 0x0000000100000000)
  region size 1024K, 4 young (4096K), 4 survivors (4096K)
 Metaspace       used 118205K, capacity 121521K, committed 121600K, reserved 1155072K
  class space    used 14676K, capacity 15858K, committed 15872K, reserved 1048576K
}
Event: 1151.820 GC heap before
{Heap before GC invocations=64 (full 0):
 garbage-first heap   total 253952K, used 209274K [0x0000000080000000, 0x0000000100000000)
  region size 1024K, 41 young (41984K), 4 survivors (4096K)
 Metaspace       used 119278K, capacity 122595K, committed 122752K, reserved 1157120K
  class space    used 14773K, capacity 15958K, committed 16000K, reserved 1048576K
}
Event: 1151.825 GC heap after
{Heap after GC invocations=65 (full 0):
 garbage-first heap   total 253952K, used 173129K [0x0000000080000000, 0x0000000100000000)
  region size 1024K, 4 young (4096K), 4 survivors (4096K)
 Metaspace       used 119278K, capacity 122595K, committed 122752K, reserved 1157120K
  class space    used 14773K, capacity 15958K, committed 16000K, reserved 1048576K
}
Event: 1153.132 GC heap before
{Heap before GC invocations=65 (full 0):
 garbage-first heap   total 253952K, used 211017K [0x0000000080000000, 0x0000000100000000)
  region size 1024K, 42 young (43008K), 4 survivors (4096K)
 Metaspace       used 120418K, capacity 123711K, committed 123904K, reserved 1157120K
  class space    used 14899K, capacity 16071K, committed 16128K, reserved 1048576K
}
Event: 1153.153 GC heap after
{Heap after GC invocations=66 (full 0):
 garbage-first heap   total 253952K, used 174555K [0x0000000080000000, 0x0000000100000000)
  region size 1024K, 3 young (3072K), 3 survivors (3072K)
 Metaspace       used 120418K, capacity 123711K, committed 123904K, reserved 1157120K
  class space    used 14899K, capacity 16071K, committed 16128K, reserved 1048576K
}

