# JRE version: OpenJDK Runtime Environment (11.0.12+7) (build 11.0.12+7-b1504.28-7817840)
# Java VM: OpenJDK 64-Bit Server VM (11.0.12+7-b1504.28-7817840, mixed mode, tiered, compressed oops, g1 gc, windows-amd64)
Heap:
 garbage-first heap   total 210944K, used 110811K [0x0000000080000000, 0x0000000100000000)
  region size 1024K, 4 young (4096K), 4 survivors (4096K)
 Metaspace       used 89173K, capacity 91290K, committed 91520K, reserved 1128448K
  class space    used 11611K, capacity 12383K, committed 12416K, reserved 1048576K
GC Heap History (20 events):
Event: 8.715 GC heap after
{Heap after GC invocations=13 (full 0):
 garbage-first heap   total 145408K, used 74281K [0x0000000080000000, 0x0000000100000000)
  region size 1024K, 7 young (7168K), 7 survivors (7168K)
 Metaspace       used 51877K, capacity 53326K, committed 53632K, reserved 1095680K
  class space    used 6681K, capacity 7211K, committed 7296K, reserved 1048576K
}
Event: 9.349 GC heap before
{Heap before GC invocations=13 (full 0):
 garbage-first heap   total 145408K, used 114217K [0x0000000080000000, 0x0000000100000000)
  region size 1024K, 46 young (47104K), 7 survivors (7168K)
 Metaspace       used 56964K, capacity 58523K, committed 58624K, reserved 1099776K
  class space    used 7342K, capacity 7878K, committed 7936K, reserved 1048576K
}
Event: 9.358 GC heap after
{Heap after GC invocations=14 (full 0):
 garbage-first heap   total 145408K, used 76404K [0x0000000080000000, 0x0000000100000000)
  region size 1024K, 2 young (2048K), 2 survivors (2048K)
 Metaspace       used 56964K, capacity 58523K, committed 58624K, reserved 1099776K
  class space    used 7342K, capacity 7878K, committed 7936K, reserved 1048576K
}
Event: 10.132 GC heap before
{Heap before GC invocations=15 (full 0):
 garbage-first heap   total 145408K, used 115316K [0x0000000080000000, 0x0000000100000000)
  region size 1024K, 40 young (40960K), 2 survivors (2048K)
 Metaspace       used 63040K, capacity 64763K, committed 65024K, reserved 1105920K
  class space    used 8079K, capacity 8675K, committed 8704K, reserved 1048576K
}
Event: 10.137 GC heap after
{Heap after GC invocations=16 (full 0):
 garbage-first heap   total 145408K, used 78811K [0x0000000080000000, 0x0000000100000000)
  region size 1024K, 4 young (4096K), 4 survivors (4096K)
 Metaspace       used 63040K, capacity 64763K, committed 65024K, reserved 1105920K
  class space    used 8079K, capacity 8675K, committed 8704K, reserved 1048576K
}
Event: 10.598 GC heap before
{Heap before GC invocations=16 (full 0):
 garbage-first heap   total 145408K, used 116699K [0x0000000080000000, 0x0000000100000000)
  region size 1024K, 42 young (43008K), 4 survivors (4096K)
 Metaspace       used 65717K, capacity 67428K, committed 67712K, reserved 1107968K
  class space    used 8401K, capacity 9003K, committed 9088K, reserved 1048576K
}
Event: 10.609 GC heap after
{Heap after GC invocations=17 (full 0):
 garbage-first heap   total 145408K, used 81624K [0x0000000080000000, 0x0000000100000000)
  region size 1024K, 6 young (6144K), 6 survivors (6144K)
 Metaspace       used 65717K, capacity 67428K, committed 67712K, reserved 1107968K
  class space    used 8401K, capacity 9003K, committed 9088K, reserved 1048576K
}
Event: 10.791 GC heap before
{Heap before GC invocations=18 (full 0):
 garbage-first heap   total 145408K, used 92888K [0x0000000080000000, 0x0000000100000000)
  region size 1024K, 18 young (18432K), 6 survivors (6144K)
 Metaspace       used 66766K, capacity 68457K, committed 68608K, reserved 1107968K
  class space    used 8542K, capacity 9153K, committed 9216K, reserved 1048576K
}
Event: 10.799 GC heap after
{Heap after GC invocations=19 (full 0):
 garbage-first heap   total 175104K, used 82874K [0x0000000080000000, 0x0000000100000000)
  region size 1024K, 2 young (2048K), 2 survivors (2048K)
 Metaspace       used 66766K, capacity 68457K, committed 68608K, reserved 1107968K
  class space    used 8542K, capacity 9153K, committed 9216K, reserved 1048576K
}
Event: 11.685 GC heap before
{Heap before GC invocations=20 (full 0):
 garbage-first heap   total 175104K, used 134074K [0x0000000080000000, 0x0000000100000000)
  region size 1024K, 51 young (52224K), 2 survivors (2048K)
 Metaspace       used 70030K, capacity 71790K, committed 72064K, reserved 1112064K
  class space    used 8953K, capacity 9575K, committed 9600K, reserved 1048576K
}
Event: 11.690 GC heap after
{Heap after GC invocations=21 (full 0):
 garbage-first heap   total 175104K, used 84849K [0x0000000080000000, 0x0000000100000000)
  region size 1024K, 4 young (4096K), 4 survivors (4096K)
 Metaspace       used 70030K, capacity 71790K, committed 72064K, reserved 1112064K
  class space    used 8953K, capacity 9575K, committed 9600K, reserved 1048576K
}
Event: 12.376 GC heap before
{Heap before GC invocations=21 (full 0):
 garbage-first heap   total 175104K, used 135025K [0x0000000080000000, 0x0000000100000000)
  region size 1024K, 53 young (54272K), 4 survivors (4096K)
 Metaspace       used 73652K, capacity 75422K, committed 75520K, reserved 1114112K
  class space    used 9543K, capacity 10167K, committed 10240K, reserved 1048576K
}
Event: 12.388 GC heap after
{Heap after GC invocations=22 (full 0):
 garbage-first heap   total 175104K, used 88235K [0x0000000080000000, 0x0000000100000000)
  region size 1024K, 7 young (7168K), 7 survivors (7168K)
 Metaspace       used 73652K, capacity 75422K, committed 75520K, reserved 1114112K
  class space    used 9543K, capacity 10167K, committed 10240K, reserved 1048576K
}
Event: 13.198 GC heap before
{Heap before GC invocations=23 (full 0):
 garbage-first heap   total 175104K, used 129195K [0x0000000080000000, 0x0000000100000000)
  region size 1024K, 48 young (49152K), 7 survivors (7168K)
 Metaspace       used 77761K, capacity 79555K, committed 79744K, reserved 1118208K
  class space    used 10129K, capacity 10807K, committed 10880K, reserved 1048576K
}
Event: 13.206 GC heap after
{Heap after GC invocations=24 (full 0):
 garbage-first heap   total 175104K, used 91261K [0x0000000080000000, 0x0000000100000000)
  region size 1024K, 7 young (7168K), 7 survivors (7168K)
 Metaspace       used 77761K, capacity 79555K, committed 79744K, reserved 1118208K
  class space    used 10129K, capacity 10807K, committed 10880K, reserved 1048576K
}
Event: 13.911 GC heap before
{Heap before GC invocations=25 (full 0):
 garbage-first heap   total 175104K, used 149629K [0x0000000080000000, 0x0000000100000000)
  region size 1024K, 54 young (55296K), 7 survivors (7168K)
 Metaspace       used 79932K, capacity 81990K, committed 82176K, reserved 1120256K
  class space    used 10453K, capacity 11244K, committed 11264K, reserved 1048576K
}
Event: 13.923 GC heap after
{Heap after GC invocations=26 (full 0):
 garbage-first heap   total 175104K, used 106453K [0x0000000080000000, 0x0000000100000000)
  region size 1024K, 7 young (7168K), 7 survivors (7168K)
 Metaspace       used 79932K, capacity 81990K, committed 82176K, reserved 1120256K
  class space    used 10453K, capacity 11244K, committed 11264K, reserved 1048576K
}
Event: 14.496 GC heap before
{Heap before GC invocations=26 (full 0):
 garbage-first heap   total 175104K, used 147413K [0x0000000080000000, 0x0000000100000000)
  region size 1024K, 47 young (48128K), 7 survivors (7168K)
 Metaspace       used 83143K, capacity 85214K, committed 85504K, reserved 1122304K
  class space    used 10888K, capacity 11650K, committed 11776K, reserved 1048576K
}
Event: 14.506 GC heap after
{Heap after GC invocations=27 (full 0):
 garbage-first heap   total 175104K, used 109384K [0x0000000080000000, 0x0000000100000000)
  region size 1024K, 3 young (3072K), 3 survivors (3072K)
 Metaspace       used 83143K, capacity 85214K, committed 85504K, reserved 1122304K
  class space    used 10888K, capacity 11650K, committed 11776K, reserved 1048576K
}
Event: 15.914 GC heap before
{Heap before GC invocations=28 (full 0):
 garbage-first heap   total 175104K, used 147272K [0x0000000080000000, 0x0000000100000000)
  region size 1024K, 40 young (40960K), 3 survivors (3072K)
 Metaspace       used 89173K, capacity 91290K, committed 91520K, reserved 1128448K
  class space    used 11611K, capacity 12383K, committed 12416K, reserved 1048576K
}

